<?xml version="1.0" encoding="UTF-8"?>
<!-- Generated by org.testng.reporters.JUnitReportReporter -->
<testsuite hostname="DESKTOP-DHUA80M" failures="0" tests="1" name="Assignments.TestSuite_Ass18" time="11.046" errors="0" timestamp="2021-12-10T00:21:02 EST" skipped="0">
  <testcase classname="Assignments.TestSuite_Ass18" name="Open_Url" time="11.046"/>
  <system-out/>
</testsuite> <!-- Assignments.TestSuite_Ass18 -->
