<?xml version="1.0" encoding="UTF-8"?>
<!-- Generated by org.testng.reporters.JUnitReportReporter -->
<testsuite hostname="DESKTOP-DHUA80M" failures="0" tests="2" name="Assignments.Validation_Assert_Soft_Ass17" time="17.670" errors="0" timestamp="2021-12-10T00:21:02 EST" skipped="0">
  <testcase classname="Assignments.Validation_Assert_Soft_Ass17" name="SoftAssert" time="14.968"/>
  <system-out/>
  <testcase classname="Assignments.Validation_Assert_Soft_Ass17" name="HardAssert" time="2.702"/>
  <system-out/>
</testsuite> <!-- Assignments.Validation_Assert_Soft_Ass17 -->
