<?xml version="1.0" encoding="UTF-8"?>
<!-- Generated by org.testng.reporters.JUnitReportReporter -->
<testsuite hostname="DESKTOP-DHUA80M" failures="0" tests="1" name="TestNg.Excel_Reader" time="15.765" errors="0" timestamp="2021-12-01T16:17:25 EST" skipped="0">
  <testcase classname="TestNg.Excel_Reader" name="Input" time="15.765"/>
  <system-out/>
</testsuite> <!-- TestNg.Excel_Reader -->
