<?xml version="1.0" encoding="UTF-8"?>
<!-- Generated by org.testng.reporters.JUnitReportReporter -->
<testsuite hostname="DESKTOP-DHUA80M" failures="0" tests="2" name="TestNg.Annotation" time="17.478" errors="0" timestamp="2021-12-18T10:27:49 EST" skipped="0">
  <testcase classname="TestNg.Annotation" name="Google" time="11.378"/>
  <system-out/>
  <testcase classname="TestNg.Annotation" name="Amazon" time="6.100"/>
  <system-out/>
</testsuite> <!-- TestNg.Annotation -->
