<?xml version="1.0" encoding="UTF-8"?>
<!-- Generated by org.testng.reporters.JUnitReportReporter -->
<testsuite hostname="DESKTOP-DHUA80M" failures="0" tests="2" name="TestNg.Annotation" time="19.107" errors="0" timestamp="2021-11-30T21:04:01 EST" skipped="0">
  <testcase classname="TestNg.Annotation" name="Google" time="10.324"/>
  <system-out/>
  <testcase classname="TestNg.Annotation" name="Amazon" time="8.783"/>
  <system-out/>
</testsuite> <!-- TestNg.Annotation -->
