<?xml version="1.0" encoding="UTF-8"?>
<!-- Generated by org.testng.reporters.JUnitReportReporter -->
<testsuite hostname="DESKTOP-DHUA80M" failures="0" tests="2" name="TestNg.Priority" time="32.820" errors="0" timestamp="2021-11-30T21:04:01 EST" skipped="0">
  <testcase classname="TestNg.Priority" name="Google" time="12.474"/>
  <system-out/>
  <testcase classname="TestNg.Priority" name="Amazon" time="20.346"/>
  <system-out/>
</testsuite> <!-- TestNg.Priority -->
