<?xml version="1.0" encoding="UTF-8"?>
<!-- Generated by org.testng.reporters.JUnitReportReporter -->
<testsuite hostname="DESKTOP-DHUA80M" failures="0" tests="4" name="TestNg.DataProvider" time="7.149" errors="0" timestamp="2021-12-07T20:46:32 EST" skipped="0">
  <testcase classname="TestNg.DataProvider" name="Login" time="4.484"/>
  <system-out/>
  <testcase classname="TestNg.DataProvider" name="Login" time="0.897"/>
  <system-out/>
  <testcase classname="TestNg.DataProvider" name="Login" time="0.897"/>
  <system-out/>
  <testcase classname="TestNg.DataProvider" name="Login" time="0.871"/>
  <system-out/>
</testsuite> <!-- TestNg.DataProvider -->
