<?xml version="1.0" encoding="UTF-8"?>
<!-- Generated by org.testng.reporters.JUnitReportReporter -->
<testsuite hostname="DESKTOP-DHUA80M" failures="0" tests="1" name="TestNg.Authentication_Popup" time="10.687" errors="0" timestamp="2021-12-07T13:06:22 EST" skipped="0">
  <testcase classname="TestNg.Authentication_Popup" name="Authentication" time="10.687"/>
  <system-out/>
</testsuite> <!-- TestNg.Authentication_Popup -->
