<?xml version="1.0" encoding="UTF-8"?>
<!-- Generated by org.testng.reporters.JUnitReportReporter -->
<testsuite hostname="DESKTOP-DHUA80M" failures="0" tests="1" name="Assignments.Validation_Assert_Ass16_Part2" time="16.435" errors="0" timestamp="2021-12-09T23:01:52 EST" skipped="0">
  <testcase classname="Assignments.Validation_Assert_Ass16_Part2" name="Validate_pageTitle" time="16.435"/>
  <system-out/>
</testsuite> <!-- Assignments.Validation_Assert_Ass16_Part2 -->
